Apache Maven 3.2.1 (ea8b2b07643dbb1b84b6d16e1f08391b666bc1e9; 2014-02-14T09:37:52-08:00)
Maven home: C:\work\TestAutomationResources\apache-maven-3.2.1-bin\apache-maven-3.2.1
Java version: 1.7.0_51, vendor: Oracle Corporation
Java home: C:\Program Files\Java\jdk1.7.0_51\jre
Default locale: en_US, platform encoding: Cp1252
OS name: "windows 7", version: "6.1", arch: "amd64", family: "windows"
[INFO] Error stacktraces are turned on.
[DEBUG] Reading global settings from C:\work\TestAutomationResources\apache-maven-3.2.1-bin\apache-maven-3.2.1\conf\settings.xml
[DEBUG] Reading user settings from C:\Users\mmunisamy\.m2\settings.xml
[DEBUG] Using local repository at C:\Users\mmunisamy\.m2\repository
[DEBUG] Using manager EnhancedLocalRepositoryManager with priority 10.0 for C:\Users\mmunisamy\.m2\repository
[INFO] Scanning for projects...
[DEBUG] Extension realms for project STMath:RegressionTest:jar:0.0.1-SNAPSHOT: (none)
[DEBUG] Looking up lifecyle mappings for packaging jar from ClassRealm[plexus.core, parent: null]
[WARNING] 
[WARNING] Some problems were encountered while building the effective model for STMath:RegressionTest:jar:0.0.1-SNAPSHOT
[WARNING] 'dependencies.dependency.systemPath' for org.sikuli:sikuli-java:jar should not point at files within the project directory, ${project.basedir}\lib\sikuli-java-1.0.1.jar will be unresolvable by dependent projects @ line 38, column 16
[WARNING] 
[WARNING] It is highly recommended to fix these problems because they threaten the stability of your build.
[WARNING] 
[WARNING] For this reason, future Maven versions might no longer support building such malformed projects.
[WARNING] 
[DEBUG] === REACTOR BUILD PLAN ================================================
[DEBUG] Project: STMath:RegressionTest:jar:0.0.1-SNAPSHOT
[DEBUG] Tasks:   [clean, install]
[DEBUG] Style:   Regular
[DEBUG] =======================================================================
[INFO] 
[INFO] Using the builder org.apache.maven.lifecycle.internal.builder.singlethreaded.SingleThreadedBuilder with a thread count of 1
[INFO]                                                                         
[INFO] ------------------------------------------------------------------------
[INFO] Building RegressionTest 0.0.1-SNAPSHOT
[INFO] ------------------------------------------------------------------------
[DEBUG] Lifecycle default -> [validate, initialize, generate-sources, process-sources, generate-resources, process-resources, compile, process-classes, generate-test-sources, process-test-sources, generate-test-resources, process-test-resources, test-compile, process-test-classes, test, prepare-package, package, pre-integration-test, integration-test, post-integration-test, verify, install, deploy]
[DEBUG] Lifecycle clean -> [pre-clean, clean, post-clean]
[DEBUG] Lifecycle site -> [pre-site, site, post-site, site-deploy]
[DEBUG] Lifecycle default -> [validate, initialize, generate-sources, process-sources, generate-resources, process-resources, compile, process-classes, generate-test-sources, process-test-sources, generate-test-resources, process-test-resources, test-compile, process-test-classes, test, prepare-package, package, pre-integration-test, integration-test, post-integration-test, verify, install, deploy]
[DEBUG] Lifecycle clean -> [pre-clean, clean, post-clean]
[DEBUG] Lifecycle site -> [pre-site, site, post-site, site-deploy]
[DEBUG] Lifecycle default -> [validate, initialize, generate-sources, process-sources, generate-resources, process-resources, compile, process-classes, generate-test-sources, process-test-sources, generate-test-resources, process-test-resources, test-compile, process-test-classes, test, prepare-package, package, pre-integration-test, integration-test, post-integration-test, verify, install, deploy]
[DEBUG] Lifecycle clean -> [pre-clean, clean, post-clean]
[DEBUG] Lifecycle site -> [pre-site, site, post-site, site-deploy]
[DEBUG] Lifecycle default -> [validate, initialize, generate-sources, process-sources, generate-resources, process-resources, compile, process-classes, generate-test-sources, process-test-sources, generate-test-resources, process-test-resources, test-compile, process-test-classes, test, prepare-package, package, pre-integration-test, integration-test, post-integration-test, verify, install, deploy]
[DEBUG] Lifecycle clean -> [pre-clean, clean, post-clean]
[DEBUG] Lifecycle site -> [pre-site, site, post-site, site-deploy]
[DEBUG] Lifecycle default -> [validate, initialize, generate-sources, process-sources, generate-resources, process-resources, compile, process-classes, generate-test-sources, process-test-sources, generate-test-resources, process-test-resources, test-compile, process-test-classes, test, prepare-package, package, pre-integration-test, integration-test, post-integration-test, verify, install, deploy]
[DEBUG] Lifecycle clean -> [pre-clean, clean, post-clean]
[DEBUG] Lifecycle site -> [pre-site, site, post-site, site-deploy]
[DEBUG] Lifecycle default -> [validate, initialize, generate-sources, process-sources, generate-resources, process-resources, compile, process-classes, generate-test-sources, process-test-sources, generate-test-resources, process-test-resources, test-compile, process-test-classes, test, prepare-package, package, pre-integration-test, integration-test, post-integration-test, verify, install, deploy]
[DEBUG] Lifecycle clean -> [pre-clean, clean, post-clean]
[DEBUG] Lifecycle site -> [pre-site, site, post-site, site-deploy]
[DEBUG] Lifecycle default -> [validate, initialize, generate-sources, process-sources, generate-resources, process-resources, compile, process-classes, generate-test-sources, process-test-sources, generate-test-resources, process-test-resources, test-compile, process-test-classes, test, prepare-package, package, pre-integration-test, integration-test, post-integration-test, verify, install, deploy]
[DEBUG] Lifecycle clean -> [pre-clean, clean, post-clean]
[DEBUG] Lifecycle site -> [pre-site, site, post-site, site-deploy]
[DEBUG] Lifecycle default -> [validate, initialize, generate-sources, process-sources, generate-resources, process-resources, compile, process-classes, generate-test-sources, process-test-sources, generate-test-resources, process-test-resources, test-compile, process-test-classes, test, prepare-package, package, pre-integration-test, integration-test, post-integration-test, verify, install, deploy]
[DEBUG] Lifecycle clean -> [pre-clean, clean, post-clean]
[DEBUG] Lifecycle site -> [pre-site, site, post-site, site-deploy]
[DEBUG] Lifecycle default -> [validate, initialize, generate-sources, process-sources, generate-resources, process-resources, compile, process-classes, generate-test-sources, process-test-sources, generate-test-resources, process-test-resources, test-compile, process-test-classes, test, prepare-package, package, pre-integration-test, integration-test, post-integration-test, verify, install, deploy]
[DEBUG] Lifecycle clean -> [pre-clean, clean, post-clean]
[DEBUG] Lifecycle site -> [pre-site, site, post-site, site-deploy]
[DEBUG] Lifecycle default -> [validate, initialize, generate-sources, process-sources, generate-resources, process-resources, compile, process-classes, generate-test-sources, process-test-sources, generate-test-resources, process-test-resources, test-compile, process-test-classes, test, prepare-package, package, pre-integration-test, integration-test, post-integration-test, verify, install, deploy]
[DEBUG] Lifecycle clean -> [pre-clean, clean, post-clean]
[DEBUG] Lifecycle site -> [pre-site, site, post-site, site-deploy]
[DEBUG] === PROJECT BUILD PLAN ================================================
[DEBUG] Project:       STMath:RegressionTest:0.0.1-SNAPSHOT
[DEBUG] Dependencies (collect): []
[DEBUG] Dependencies (resolve): [compile, runtime, test]
[DEBUG] Repositories (dependencies): [central (http://repo.maven.apache.org/maven2, releases)]
[DEBUG] Repositories (plugins)     : [central (http://repo.maven.apache.org/maven2, releases)]
[DEBUG] -----------------------------------------------------------------------
[DEBUG] Goal:          org.apache.maven.plugins:maven-clean-plugin:2.5:clean (default-clean)
[DEBUG] Style:         Regular
[DEBUG] Configuration: <?xml version="1.0" encoding="UTF-8"?>
<configuration>
  <directory default-value="${project.build.directory}"/>
  <excludeDefaultDirectories default-value="false">${clean.excludeDefaultDirectories}</excludeDefaultDirectories>
  <failOnError default-value="true">${maven.clean.failOnError}</failOnError>
  <followSymLinks default-value="false">${clean.followSymLinks}</followSymLinks>
  <outputDirectory default-value="${project.build.outputDirectory}"/>
  <reportDirectory default-value="${project.reporting.outputDirectory}"/>
  <retryOnError default-value="true">${maven.clean.retryOnError}</retryOnError>
  <skip default-value="false">${clean.skip}</skip>
  <testOutputDirectory default-value="${project.build.testOutputDirectory}"/>
  <verbose>${clean.verbose}</verbose>
</configuration>
[DEBUG] -----------------------------------------------------------------------
[DEBUG] Goal:          org.apache.maven.plugins:maven-resources-plugin:2.6:resources (default-resources)
[DEBUG] Style:         Regular
[DEBUG] Configuration: <?xml version="1.0" encoding="UTF-8"?>
<configuration>
  <buildFilters default-value="${project.build.filters}"/>
  <encoding default-value="${project.build.sourceEncoding}">${encoding}</encoding>
  <escapeString>${maven.resources.escapeString}</escapeString>
  <escapeWindowsPaths default-value="true">${maven.resources.escapeWindowsPaths}</escapeWindowsPaths>
  <includeEmptyDirs default-value="false">${maven.resources.includeEmptyDirs}</includeEmptyDirs>
  <outputDirectory default-value="${project.build.outputDirectory}"/>
  <overwrite default-value="false">${maven.resources.overwrite}</overwrite>
  <project default-value="${project}"/>
  <resources default-value="${project.resources}"/>
  <session default-value="${session}"/>
  <supportMultiLineFiltering default-value="false">${maven.resources.supportMultiLineFiltering}</supportMultiLineFiltering>
  <useBuildFilters default-value="true"/>
  <useDefaultDelimiters default-value="true"/>
</configuration>
[DEBUG] -----------------------------------------------------------------------
[DEBUG] Goal:          org.apache.maven.plugins:maven-compiler-plugin:2.5.1:compile (default-compile)
[DEBUG] Style:         Regular
[DEBUG] Configuration: <?xml version="1.0" encoding="UTF-8"?>
<configuration>
  <basedir default-value="${basedir}"/>
  <buildDirectory default-value="${project.build.directory}"/>
  <classpathElements default-value="${project.compileClasspathElements}"/>
  <compileSourceRoots default-value="${project.compileSourceRoots}"/>
  <compilerId default-value="javac">${maven.compiler.compilerId}</compilerId>
  <compilerReuseStrategy default-value="${reuseCreated}">${maven.compiler.compilerReuseStrategy}</compilerReuseStrategy>
  <compilerVersion>${maven.compiler.compilerVersion}</compilerVersion>
  <debug default-value="true">${maven.compiler.debug}</debug>
  <debuglevel>${maven.compiler.debuglevel}</debuglevel>
  <encoding default-value="${project.build.sourceEncoding}">${encoding}</encoding>
  <executable>${maven.compiler.executable}</executable>
  <failOnError default-value="true">${maven.compiler.failOnError}</failOnError>
  <fork default-value="false">${maven.compiler.fork}</fork>
  <generatedSourcesDirectory default-value="${project.build.directory}/generated-sources/annotations"/>
  <maxmem>${maven.compiler.maxmem}</maxmem>
  <meminitial>${maven.compiler.meminitial}</meminitial>
  <optimize default-value="false">${maven.compiler.optimize}</optimize>
  <outputDirectory default-value="${project.build.outputDirectory}"/>
  <outputFileName>${project.build.finalName}</outputFileName>
  <projectArtifact default-value="${project.artifact}"/>
  <session default-value="${session}"/>
  <showDeprecation default-value="false">${maven.compiler.showDeprecation}</showDeprecation>
  <showWarnings default-value="false">${maven.compiler.showWarnings}</showWarnings>
  <skipMultiThreadWarning default-value="${false}">${maven.compiler.skipMultiThreadWarning}</skipMultiThreadWarning>
  <source default-value="1.5">${maven.compiler.source}</source>
  <staleMillis default-value="0">${lastModGranularityMs}</staleMillis>
  <target default-value="1.5">${maven.compiler.target}</target>
  <verbose default-value="false">${maven.compiler.verbose}</verbose>
</configuration>
[DEBUG] -----------------------------------------------------------------------
[DEBUG] Goal:          org.apache.maven.plugins:maven-resources-plugin:2.6:testResources (default-testResources)
[DEBUG] Style:         Regular
[DEBUG] Configuration: <?xml version="1.0" encoding="UTF-8"?>
<configuration>
  <buildFilters default-value="${project.build.filters}"/>
  <encoding default-value="${project.build.sourceEncoding}">${encoding}</encoding>
  <escapeString>${maven.resources.escapeString}</escapeString>
  <escapeWindowsPaths default-value="true">${maven.resources.escapeWindowsPaths}</escapeWindowsPaths>
  <includeEmptyDirs default-value="false">${maven.resources.includeEmptyDirs}</includeEmptyDirs>
  <outputDirectory default-value="${project.build.testOutputDirectory}"/>
  <overwrite default-value="false">${maven.resources.overwrite}</overwrite>
  <project default-value="${project}"/>
  <resources default-value="${project.testResources}"/>
  <session default-value="${session}"/>
  <skip>${maven.test.skip}</skip>
  <supportMultiLineFiltering default-value="false">${maven.resources.supportMultiLineFiltering}</supportMultiLineFiltering>
  <useBuildFilters default-value="true"/>
  <useDefaultDelimiters default-value="true"/>
</configuration>
[DEBUG] -----------------------------------------------------------------------
[DEBUG] Goal:          org.apache.maven.plugins:maven-compiler-plugin:2.5.1:testCompile (default-testCompile)
[DEBUG] Style:         Regular
[DEBUG] Configuration: <?xml version="1.0" encoding="UTF-8"?>
<configuration>
  <basedir default-value="${basedir}"/>
  <buildDirectory default-value="${project.build.directory}"/>
  <classpathElements default-value="${project.testClasspathElements}"/>
  <compileSourceRoots default-value="${project.testCompileSourceRoots}"/>
  <compilerId default-value="javac">${maven.compiler.compilerId}</compilerId>
  <compilerReuseStrategy default-value="${reuseCreated}">${maven.compiler.compilerReuseStrategy}</compilerReuseStrategy>
  <compilerVersion>${maven.compiler.compilerVersion}</compilerVersion>
  <debug default-value="true">${maven.compiler.debug}</debug>
  <debuglevel>${maven.compiler.debuglevel}</debuglevel>
  <encoding default-value="${project.build.sourceEncoding}">${encoding}</encoding>
  <executable>${maven.compiler.executable}</executable>
  <failOnError default-value="true">${maven.compiler.failOnError}</failOnError>
  <fork default-value="false">${maven.compiler.fork}</fork>
  <generatedTestSourcesDirectory default-value="${project.build.directory}/generated-test-sources/test-annotations"/>
  <maxmem>${maven.compiler.maxmem}</maxmem>
  <meminitial>${maven.compiler.meminitial}</meminitial>
  <optimize default-value="false">${maven.compiler.optimize}</optimize>
  <outputDirectory default-value="${project.build.testOutputDirectory}"/>
  <outputFileName>${project.build.finalName}</outputFileName>
  <session default-value="${session}"/>
  <showDeprecation default-value="false">${maven.compiler.showDeprecation}</showDeprecation>
  <showWarnings default-value="false">${maven.compiler.showWarnings}</showWarnings>
  <skip>${maven.test.skip}</skip>
  <skipMultiThreadWarning default-value="${false}">${maven.compiler.skipMultiThreadWarning}</skipMultiThreadWarning>
  <source default-value="1.5">${maven.compiler.source}</source>
  <staleMillis default-value="0">${lastModGranularityMs}</staleMillis>
  <target default-value="1.5">${maven.compiler.target}</target>
  <testSource>${maven.compiler.testSource}</testSource>
  <testTarget>${maven.compiler.testTarget}</testTarget>
  <verbose default-value="false">${maven.compiler.verbose}</verbose>
</configuration>
[DEBUG] -----------------------------------------------------------------------
[DEBUG] Goal:          org.apache.maven.plugins:maven-surefire-plugin:2.12.4:test (default-test)
[DEBUG] Style:         Regular
[DEBUG] Configuration: <?xml version="1.0" encoding="UTF-8"?>
<configuration>
  <argLine>${argLine}</argLine>
  <basedir default-value="${basedir}"/>
  <childDelegation default-value="false">${childDelegation}</childDelegation>
  <classesDirectory default-value="${project.build.outputDirectory}"/>
  <debugForkedProcess>${maven.surefire.debug}</debugForkedProcess>
  <disableXmlReport default-value="false">${disableXmlReport}</disableXmlReport>
  <enableAssertions default-value="true">${enableAssertions}</enableAssertions>
  <excludedGroups>${excludedGroups}</excludedGroups>
  <failIfNoSpecifiedTests>${surefire.failIfNoSpecifiedTests}</failIfNoSpecifiedTests>
  <failIfNoTests>${failIfNoTests}</failIfNoTests>
  <forkMode default-value="once">${forkMode}</forkMode>
  <forkedProcessTimeoutInSeconds>${surefire.timeout}</forkedProcessTimeoutInSeconds>
  <groups>${groups}</groups>
  <junitArtifactName default-value="junit:junit">${junitArtifactName}</junitArtifactName>
  <jvm>${jvm}</jvm>
  <localRepository default-value="${localRepository}"/>
  <objectFactory>${objectFactory}</objectFactory>
  <parallel>${parallel}</parallel>
  <parallelMavenExecution default-value="${session.parallel}"/>
  <perCoreThreadCount default-value="true">${perCoreThreadCount}</perCoreThreadCount>
  <pluginArtifactMap>${plugin.artifactMap}</pluginArtifactMap>
  <pluginDescriptor default-value="${plugin}"/>
  <printSummary default-value="true">${surefire.printSummary}</printSummary>
  <projectArtifactMap>${project.artifactMap}</projectArtifactMap>
  <redirectTestOutputToFile default-value="false">${maven.test.redirectTestOutputToFile}</redirectTestOutputToFile>
  <remoteRepositories default-value="${project.pluginArtifactRepositories}"/>
  <reportFormat default-value="brief">${surefire.reportFormat}</reportFormat>
  <reportNameSuffix default-value="">${surefire.reportNameSuffix}</reportNameSuffix>
  <reportsDirectory default-value="${project.build.directory}/surefire-reports"/>
  <runOrder default-value="filesystem"/>
  <skip default-value="false">${maven.test.skip}</skip>
  <skipExec>${maven.test.skip.exec}</skipExec>
  <skipTests default-value="false">${skipTests}</skipTests>
  <test>${test}</test>
  <testClassesDirectory default-value="${project.build.testOutputDirectory}"/>
  <testFailureIgnore default-value="false">${maven.test.failure.ignore}</testFailureIgnore>
  <testNGArtifactName default-value="org.testng:testng">${testNGArtifactName}</testNGArtifactName>
  <testSourceDirectory default-value="${project.build.testSourceDirectory}"/>
  <threadCount>${threadCount}</threadCount>
  <trimStackTrace default-value="true">${trimStackTrace}</trimStackTrace>
  <useFile default-value="true">${surefire.useFile}</useFile>
  <useManifestOnlyJar default-value="true">${surefire.useManifestOnlyJar}</useManifestOnlyJar>
  <useSystemClassLoader default-value="true">${surefire.useSystemClassLoader}</useSystemClassLoader>
  <useUnlimitedThreads default-value="false">${useUnlimitedThreads}</useUnlimitedThreads>
  <workingDirectory>${basedir}</workingDirectory>
  <project default-value="${project}"/>
  <session default-value="${session}"/>
</configuration>
[DEBUG] -----------------------------------------------------------------------
[DEBUG] Goal:          org.apache.maven.plugins:maven-jar-plugin:2.4:jar (default-jar)
[DEBUG] Style:         Regular
[DEBUG] Configuration: <?xml version="1.0" encoding="UTF-8"?>
<configuration>
  <classesDirectory default-value="${project.build.outputDirectory}"/>
  <defaultManifestFile default-value="${project.build.outputDirectory}/META-INF/MANIFEST.MF"/>
  <finalName default-value="${project.build.finalName}">${jar.finalName}</finalName>
  <forceCreation default-value="false">${jar.forceCreation}</forceCreation>
  <outputDirectory default-value="${project.build.directory}"/>
  <project default-value="${project}"/>
  <session default-value="${session}"/>
  <skipIfEmpty default-value="false">${jar.skipIfEmpty}</skipIfEmpty>
  <useDefaultManifestFile default-value="false">${jar.useDefaultManifestFile}</useDefaultManifestFile>
</configuration>
[DEBUG] -----------------------------------------------------------------------
[DEBUG] Goal:          org.apache.maven.plugins:maven-install-plugin:2.4:install (default-install)
[DEBUG] Style:         Regular
[DEBUG] Configuration: <?xml version="1.0" encoding="UTF-8"?>
<configuration>
  <artifact default-value="${project.artifact}"/>
  <attachedArtifacts default-value="${project.attachedArtifacts}"/>
  <createChecksum default-value="false">${createChecksum}</createChecksum>
  <localRepository>${localRepository}</localRepository>
  <packaging default-value="${project.packaging}"/>
  <pomFile default-value="${project.file}"/>
  <skip default-value="false">${maven.install.skip}</skip>
  <updateReleaseInfo default-value="false">${updateReleaseInfo}</updateReleaseInfo>
</configuration>
[DEBUG] =======================================================================
[DEBUG] Dependency collection stats: {ConflictMarker.analyzeTime=1, ConflictMarker.markTime=1, ConflictMarker.nodeCount=54, ConflictIdSorter.graphTime=0, ConflictIdSorter.topsortTime=1, ConflictIdSorter.conflictIdCount=23, ConflictIdSorter.conflictIdCycleCount=1, ConflictResolver.totalTime=7, ConflictResolver.conflictItemCount=31, DefaultDependencyCollector.collectTime=166, DefaultDependencyCollector.transformTime=12}
[DEBUG] STMath:RegressionTest:jar:0.0.1-SNAPSHOT
[DEBUG]    junit:junit:jar:3.8.1:compile
[DEBUG]    org.sikuli:sikuli-api:jar:1.0.2:compile
[DEBUG]       javax.media:jmf:jar:2.1.1e:compile
[DEBUG]    org.sikuli:sikuli-core:jar:1.1.3:compile
[DEBUG]       org.slf4j:slf4j-api:jar:1.6.6:compile
[DEBUG]       com.googlecode.javacpp:javacpp:jar:0.1:compile
[DEBUG]       com.googlecode.javacv:javacv:jar:0.1:compile
[DEBUG]       com.googlecode.javacv:javacv:jar:macosx-x86_64:0.1:compile
[DEBUG]       com.googlecode.javacv:javacv:jar:windows-x86:0.1:compile
[DEBUG]       com.googlecode.javacv:javacv:jar:windows-x86_64:0.1:compile
[DEBUG]       com.googlecode.javacv:javacv:jar:linux-x86_64:0.1:compile
[DEBUG]       com.googlecode.javacv:javacv:jar:linux-x86:0.1:compile
[DEBUG]       org.antlr:stringtemplate:jar:4.0.2:compile
[DEBUG]          org.antlr:antlr-runtime:jar:3.3:compile
[DEBUG]       com.google.guava:guava:jar:14.0.1:compile
[DEBUG]       org.piccolo2d:piccolo2d-extras:jar:1.3.1:compile
[DEBUG]          org.piccolo2d:piccolo2d-core:jar:1.3.1:compile
[DEBUG]       com.jgoodies:looks:jar:2.2.2:compile
[DEBUG]    org.sikuli:sikuli-java:jar:1.0.1:system
[DEBUG]    org.testng:testng:jar:6.3.1:compile
[DEBUG]       org.beanshell:bsh:jar:2.0b4:compile
[DEBUG]       com.beust:jcommander:jar:1.12:compile
[DEBUG]       org.yaml:snakeyaml:jar:1.6:compile
[INFO] 
[INFO] --- maven-clean-plugin:2.5:clean (default-clean) @ RegressionTest ---
[DEBUG] Created new class realm maven.api
[DEBUG] Importing foreign packages into class realm maven.api
[DEBUG]   Imported: org.apache.maven.wagon.events < plexus.core
[DEBUG]   Imported: org.eclipse.aether.impl < plexus.core
[DEBUG]   Imported: org.apache.maven.exception < plexus.core
[DEBUG]   Imported: org.codehaus.plexus.util.xml.Xpp3Dom < plexus.core
[DEBUG]   Imported: org.eclipse.aether.version < plexus.core
[DEBUG]   Imported: org.eclipse.aether.metadata < plexus.core
[DEBUG]   Imported: org.eclipse.aether.collection < plexus.core
[DEBUG]   Imported: org.apache.maven.monitor < plexus.core
[DEBUG]   Imported: org.apache.maven.wagon.repository < plexus.core
[DEBUG]   Imported: org.apache.maven.repository < plexus.core
[DEBUG]   Imported: org.apache.maven.wagon.resource < plexus.core
[DEBUG]   Imported: org.codehaus.plexus.logging < plexus.core
[DEBUG]   Imported: org.apache.maven.profiles < plexus.core
[DEBUG]   Imported: org.apache.maven.classrealm < plexus.core
[DEBUG]   Imported: org.apache.maven.execution.scope < plexus.core
[DEBUG]   Imported: org.eclipse.aether.artifact < plexus.core
[DEBUG]   Imported: org.apache.maven.execution < plexus.core
[DEBUG]   Imported: org.apache.maven.reporting < plexus.core
[DEBUG]   Imported: org.apache.maven.usability < plexus.core
[DEBUG]   Imported: org.codehaus.plexus.container < plexus.core
[DEBUG]   Imported: org.codehaus.plexus.component < plexus.core
[DEBUG]   Imported: org.eclipse.aether.transfer < plexus.core
[DEBUG]   Imported: org.apache.maven.wagon.authentication < plexus.core
[DEBUG]   Imported: org.codehaus.plexus.util.xml.pull.XmlSerializer < plexus.core
[DEBUG]   Imported: org.apache.maven.lifecycle < plexus.core
[DEBUG]   Imported: org.eclipse.aether.* < plexus.core
[DEBUG]   Imported: org.eclipse.aether.graph < plexus.core
[DEBUG]   Imported: org.codehaus.plexus.classworlds < plexus.core
[DEBUG]   Imported: org.eclipse.aether.internal.impl < plexus.core
[DEBUG]   Imported: org.eclipse.aether.repository < plexus.core
[DEBUG]   Imported: org.eclipse.aether.resolution < plexus.core
[DEBUG]   Imported: javax.inject.* < plexus.core
[DEBUG]   Imported: org.apache.maven.settings < plexus.core
[DEBUG]   Imported: org.codehaus.classworlds < plexus.core
[DEBUG]   Imported: org.apache.maven.wagon.* < plexus.core
[DEBUG]   Imported: org.apache.maven.toolchain < plexus.core
[DEBUG]   Imported: org.eclipse.aether.spi < plexus.core
[DEBUG]   Imported: org.apache.maven.wagon.observers < plexus.core
[DEBUG]   Imported: org.codehaus.plexus.util.xml.pull.XmlPullParserException < plexus.core
[DEBUG]   Imported: org.codehaus.plexus.util.xml.pull.XmlPullParser < plexus.core
[DEBUG]   Imported: org.apache.maven.configuration < plexus.core
[DEBUG]   Imported: org.apache.maven.cli < plexus.core
[DEBUG]   Imported: org.codehaus.plexus.context < plexus.core
[DEBUG]   Imported: org.apache.maven.wagon.authorization < plexus.core
[DEBUG]   Imported: org.apache.maven.project < plexus.core
[DEBUG]   Imported: org.eclipse.aether.installation < plexus.core
[DEBUG]   Imported: org.eclipse.aether.deployment < plexus.core
[DEBUG]   Imported: org.codehaus.plexus.lifecycle < plexus.core
[DEBUG]   Imported: org.apache.maven.rtinfo < plexus.core
[DEBUG]   Imported: org.codehaus.plexus.configuration < plexus.core
[DEBUG]   Imported: org.apache.maven.artifact < plexus.core
[DEBUG]   Imported: org.apache.maven.model < plexus.core
[DEBUG]   Imported: org.slf4j.* < plexus.core
[DEBUG]   Imported: javax.enterprise.inject.* < plexus.core
[DEBUG]   Imported: org.apache.maven.* < plexus.core
[DEBUG]   Imported: org.apache.maven.wagon.proxy < plexus.core
[DEBUG]   Imported: org.codehaus.plexus.* < plexus.core
[DEBUG]   Imported: org.apache.maven.plugin < plexus.core
[DEBUG]   Imported: org.codehaus.plexus.personality < plexus.core
[DEBUG] Populating class realm maven.api
[DEBUG] Dependency collection stats: {ConflictMarker.analyzeTime=0, ConflictMarker.markTime=0, ConflictMarker.nodeCount=3, ConflictIdSorter.graphTime=0, ConflictIdSorter.topsortTime=0, ConflictIdSorter.conflictIdCount=3, ConflictIdSorter.conflictIdCycleCount=0, ConflictResolver.totalTime=0, ConflictResolver.conflictItemCount=3, DefaultDependencyCollector.collectTime=20, DefaultDependencyCollector.transformTime=0}
[DEBUG] org.apache.maven.plugins:maven-clean-plugin:jar:2.5:
[DEBUG]    org.apache.maven:maven-plugin-api:jar:2.0.6:compile
[DEBUG]    org.codehaus.plexus:plexus-utils:jar:3.0:compile
[DEBUG] Created new class realm plugin>org.apache.maven.plugins:maven-clean-plugin:2.5
[DEBUG] Importing foreign packages into class realm plugin>org.apache.maven.plugins:maven-clean-plugin:2.5
[DEBUG]   Imported:  < maven.api
[DEBUG] Populating class realm plugin>org.apache.maven.plugins:maven-clean-plugin:2.5
[DEBUG]   Included: org.apache.maven.plugins:maven-clean-plugin:jar:2.5
[DEBUG]   Included: org.codehaus.plexus:plexus-utils:jar:3.0
[DEBUG]   Excluded: org.apache.maven:maven-plugin-api:jar:2.0.6
[DEBUG] Configuring mojo org.apache.maven.plugins:maven-clean-plugin:2.5:clean from plugin realm ClassRealm[plugin>org.apache.maven.plugins:maven-clean-plugin:2.5, parent: sun.misc.Launcher$AppClassLoader@749cd006]
[DEBUG] Configuring mojo 'org.apache.maven.plugins:maven-clean-plugin:2.5:clean' with basic configurator -->
[DEBUG]   (f) directory = C:\work\TestDev\RegressionTest\target
[DEBUG]   (f) excludeDefaultDirectories = false
[DEBUG]   (f) failOnError = true
[DEBUG]   (f) followSymLinks = false
[DEBUG]   (f) outputDirectory = C:\work\TestDev\RegressionTest\target\classes
[DEBUG]   (f) reportDirectory = C:\work\TestDev\RegressionTest\target\site
[DEBUG]   (f) retryOnError = true
[DEBUG]   (f) skip = false
[DEBUG]   (f) testOutputDirectory = C:\work\TestDev\RegressionTest\target\test-classes
[DEBUG] -- end configuration --
[INFO] Deleting C:\work\TestDev\RegressionTest\target
[INFO] Deleting file C:\work\TestDev\RegressionTest\target\test-classes\STMathRegressionTest\TeacherConsoleMgmt.class
[INFO] Deleting file C:\work\TestDev\RegressionTest\target\test-classes\STMathRegressionTest\TeacherConsoleMgmt$Grade.class
[INFO] Deleting file C:\work\TestDev\RegressionTest\target\test-classes\STMathRegressionTest\STMathTest.class
[INFO] Deleting file C:\work\TestDev\RegressionTest\target\test-classes\STMathRegressionTest\SikuliUtil.class
[INFO] Deleting file C:\work\TestDev\RegressionTest\target\test-classes\STMathRegressionTest\SikuliUtil$Action.class
[INFO] Deleting directory C:\work\TestDev\RegressionTest\target\test-classes\STMathRegressionTest
[INFO] Deleting directory C:\work\TestDev\RegressionTest\target\test-classes
[INFO] Deleting file C:\work\TestDev\RegressionTest\target\surefire-reports\testng.css
[INFO] Deleting file C:\work\TestDev\RegressionTest\target\surefire-reports\testng-results.xml
[INFO] Deleting file C:\work\TestDev\RegressionTest\target\surefire-reports\testng-failed.xml
[INFO] Deleting file C:\work\TestDev\RegressionTest\target\surefire-reports\TEST-STMathRegressionTest.STMathTest.xml
[INFO] Deleting file C:\work\TestDev\RegressionTest\target\surefire-reports\STMathRegressionTest.STMathTest.txt
[INFO] Deleting file C:\work\TestDev\RegressionTest\target\surefire-reports\STMathRegressionTest.STMathTest\toc.html
[INFO] Deleting file C:\work\TestDev\RegressionTest\target\surefire-reports\STMathRegressionTest.STMathTest\testng.xml.html
[INFO] Deleting file C:\work\TestDev\RegressionTest\target\surefire-reports\STMathRegressionTest.STMathTest\testng-failed.xml
[INFO] Deleting file C:\work\TestDev\RegressionTest\target\surefire-reports\STMathRegressionTest.STMathTest\reporter-output.html
[INFO] Deleting file C:\work\TestDev\RegressionTest\target\surefire-reports\STMathRegressionTest.STMathTest\methods.html
[INFO] Deleting file C:\work\TestDev\RegressionTest\target\surefire-reports\STMathRegressionTest.STMathTest\methods-not-run.html
[INFO] Deleting file C:\work\TestDev\RegressionTest\target\surefire-reports\STMathRegressionTest.STMathTest\methods-alphabetical.html
[INFO] Deleting file C:\work\TestDev\RegressionTest\target\surefire-reports\STMathRegressionTest.STMathTest\main.html
[INFO] Deleting file C:\work\TestDev\RegressionTest\target\surefire-reports\STMathRegressionTest.STMathTest\index.html
[INFO] Deleting file C:\work\TestDev\RegressionTest\target\surefire-reports\STMathRegressionTest.STMathTest\groups.html
[INFO] Deleting file C:\work\TestDev\RegressionTest\target\surefire-reports\STMathRegressionTest.STMathTest\Command line test.xml
[INFO] Deleting file C:\work\TestDev\RegressionTest\target\surefire-reports\STMathRegressionTest.STMathTest\Command line test.properties
[INFO] Deleting file C:\work\TestDev\RegressionTest\target\surefire-reports\STMathRegressionTest.STMathTest\Command line test.html
[INFO] Deleting file C:\work\TestDev\RegressionTest\target\surefire-reports\STMathRegressionTest.STMathTest\classes.html
[INFO] Deleting directory C:\work\TestDev\RegressionTest\target\surefire-reports\STMathRegressionTest.STMathTest
[INFO] Deleting file C:\work\TestDev\RegressionTest\target\surefire-reports\junitreports\TEST-STMathRegressionTest.STMathTest.xml
[INFO] Deleting directory C:\work\TestDev\RegressionTest\target\surefire-reports\junitreports
[INFO] Deleting file C:\work\TestDev\RegressionTest\target\surefire-reports\index.html
[INFO] Deleting file C:\work\TestDev\RegressionTest\target\surefire-reports\emailable-report.html
[INFO] Deleting directory C:\work\TestDev\RegressionTest\target\surefire-reports
[INFO] Deleting file C:\work\TestDev\RegressionTest\target\surefire\surefire_03014147640457508851tmp
[INFO] Deleting file C:\work\TestDev\RegressionTest\target\surefire\surefirebooter5469743171732006912.jar
[INFO] Deleting file C:\work\TestDev\RegressionTest\target\surefire\surefire7478098659645194628tmp
[INFO] Deleting directory C:\work\TestDev\RegressionTest\target\surefire
[INFO] Deleting directory C:\work\TestDev\RegressionTest\target
[DEBUG] Skipping non-existing directory C:\work\TestDev\RegressionTest\target\classes
[DEBUG] Skipping non-existing directory C:\work\TestDev\RegressionTest\target\test-classes
[DEBUG] Skipping non-existing directory C:\work\TestDev\RegressionTest\target\site
[INFO] 
[INFO] --- maven-resources-plugin:2.6:resources (default-resources) @ RegressionTest ---
[DEBUG] Dependency collection stats: {ConflictMarker.analyzeTime=1, ConflictMarker.markTime=0, ConflictMarker.nodeCount=77, ConflictIdSorter.graphTime=1, ConflictIdSorter.topsortTime=0, ConflictIdSorter.conflictIdCount=26, ConflictIdSorter.conflictIdCycleCount=0, ConflictResolver.totalTime=6, ConflictResolver.conflictItemCount=74, DefaultDependencyCollector.collectTime=123, DefaultDependencyCollector.transformTime=8}
[DEBUG] org.apache.maven.plugins:maven-resources-plugin:jar:2.6:
[DEBUG]    org.apache.maven:maven-plugin-api:jar:2.0.6:compile
[DEBUG]    org.apache.maven:maven-project:jar:2.0.6:compile
[DEBUG]       org.apache.maven:maven-profile:jar:2.0.6:compile
[DEBUG]       org.apache.maven:maven-artifact-manager:jar:2.0.6:compile
[DEBUG]       org.apache.maven:maven-plugin-registry:jar:2.0.6:compile
[DEBUG]    org.apache.maven:maven-core:jar:2.0.6:compile
[DEBUG]       org.apache.maven:maven-plugin-parameter-documenter:jar:2.0.6:compile
[DEBUG]       org.apache.maven.reporting:maven-reporting-api:jar:2.0.6:compile
[DEBUG]          org.apache.maven.doxia:doxia-sink-api:jar:1.0-alpha-7:compile
[DEBUG]       org.apache.maven:maven-repository-metadata:jar:2.0.6:compile
[DEBUG]       org.apache.maven:maven-error-diagnostics:jar:2.0.6:compile
[DEBUG]       commons-cli:commons-cli:jar:1.0:compile
[DEBUG]       org.apache.maven:maven-plugin-descriptor:jar:2.0.6:compile
[DEBUG]       org.codehaus.plexus:plexus-interactivity-api:jar:1.0-alpha-4:compile
[DEBUG]       classworlds:classworlds:jar:1.1:compile
[DEBUG]    org.apache.maven:maven-artifact:jar:2.0.6:compile
[DEBUG]    org.apache.maven:maven-settings:jar:2.0.6:compile
[DEBUG]    org.apache.maven:maven-model:jar:2.0.6:compile
[DEBUG]    org.apache.maven:maven-monitor:jar:2.0.6:compile
[DEBUG]    org.codehaus.plexus:plexus-container-default:jar:1.0-alpha-9-stable-1:compile
[DEBUG]       junit:junit:jar:3.8.1:compile
[DEBUG]    org.codehaus.plexus:plexus-utils:jar:2.0.5:compile
[DEBUG]    org.apache.maven.shared:maven-filtering:jar:1.1:compile
[DEBUG]       org.sonatype.plexus:plexus-build-api:jar:0.0.4:compile
[DEBUG]    org.codehaus.plexus:plexus-interpolation:jar:1.13:compile
[DEBUG] Created new class realm plugin>org.apache.maven.plugins:maven-resources-plugin:2.6
[DEBUG] Importing foreign packages into class realm plugin>org.apache.maven.plugins:maven-resources-plugin:2.6
[DEBUG]   Imported:  < maven.api
[DEBUG] Populating class realm plugin>org.apache.maven.plugins:maven-resources-plugin:2.6
[DEBUG]   Included: org.apache.maven.plugins:maven-resources-plugin:jar:2.6
[DEBUG]   Included: org.apache.maven.reporting:maven-reporting-api:jar:2.0.6
[DEBUG]   Included: org.apache.maven.doxia:doxia-sink-api:jar:1.0-alpha-7
[DEBUG]   Included: commons-cli:commons-cli:jar:1.0
[DEBUG]   Included: org.codehaus.plexus:plexus-interactivity-api:jar:1.0-alpha-4
[DEBUG]   Included: junit:junit:jar:3.8.1
[DEBUG]   Included: org.codehaus.plexus:plexus-utils:jar:2.0.5
[DEBUG]   Included: org.apache.maven.shared:maven-filtering:jar:1.1
[DEBUG]   Included: org.sonatype.plexus:plexus-build-api:jar:0.0.4
[DEBUG]   Included: org.codehaus.plexus:plexus-interpolation:jar:1.13
[DEBUG]   Excluded: org.apache.maven:maven-plugin-api:jar:2.0.6
[DEBUG]   Excluded: org.apache.maven:maven-project:jar:2.0.6
[DEBUG]   Excluded: org.apache.maven:maven-profile:jar:2.0.6
[DEBUG]   Excluded: org.apache.maven:maven-artifact-manager:jar:2.0.6
[DEBUG]   Excluded: org.apache.maven:maven-plugin-registry:jar:2.0.6
[DEBUG]   Excluded: org.apache.maven:maven-core:jar:2.0.6
[DEBUG]   Excluded: org.apache.maven:maven-plugin-parameter-documenter:jar:2.0.6
[DEBUG]   Excluded: org.apache.maven:maven-repository-metadata:jar:2.0.6
[DEBUG]   Excluded: org.apache.maven:maven-error-diagnostics:jar:2.0.6
[DEBUG]   Excluded: org.apache.maven:maven-plugin-descriptor:jar:2.0.6
[DEBUG]   Excluded: classworlds:classworlds:jar:1.1
[DEBUG]   Excluded: org.apache.maven:maven-artifact:jar:2.0.6
[DEBUG]   Excluded: org.apache.maven:maven-settings:jar:2.0.6
[DEBUG]   Excluded: org.apache.maven:maven-model:jar:2.0.6
[DEBUG]   Excluded: org.apache.maven:maven-monitor:jar:2.0.6
[DEBUG]   Excluded: org.codehaus.plexus:plexus-container-default:jar:1.0-alpha-9-stable-1
[DEBUG] Configuring mojo org.apache.maven.plugins:maven-resources-plugin:2.6:resources from plugin realm ClassRealm[plugin>org.apache.maven.plugins:maven-resources-plugin:2.6, parent: sun.misc.Launcher$AppClassLoader@749cd006]
[DEBUG] Configuring mojo 'org.apache.maven.plugins:maven-resources-plugin:2.6:resources' with basic configurator -->
[DEBUG]   (f) buildFilters = []
[DEBUG]   (f) encoding = UTF-8
[DEBUG]   (f) escapeWindowsPaths = true
[DEBUG]   (s) includeEmptyDirs = false
[DEBUG]   (s) outputDirectory = C:\work\TestDev\RegressionTest\target\classes
[DEBUG]   (s) overwrite = false
[DEBUG]   (f) project = MavenProject: STMath:RegressionTest:0.0.1-SNAPSHOT @ C:\work\TestDev\RegressionTest\pom.xml
[DEBUG]   (s) resources = [Resource {targetPath: null, filtering: false, FileSet {directory: C:\work\TestDev\RegressionTest\src\main\resources, PatternSet [includes: {}, excludes: {}]}}]
[DEBUG]   (f) session = org.apache.maven.execution.MavenSession@6d69d193
[DEBUG]   (f) supportMultiLineFiltering = false
[DEBUG]   (f) useBuildFilters = true
[DEBUG]   (s) useDefaultDelimiters = true
[DEBUG] -- end configuration --
[DEBUG] properties used {java.vendor=Oracle Corporation, env.SYSTEMROOT=C:\Windows, sun.java.launcher=SUN_STANDARD, sun.management.compiler=HotSpot 64-Bit Tiered Compilers, env.PROMPT=$P$G, os.name=Windows 7, env.FP_NO_HOST_CHECK=NO, sun.boot.class.path=C:\Program Files\Java\jdk1.7.0_51\jre\lib\resources.jar;C:\Program Files\Java\jdk1.7.0_51\jre\lib\rt.jar;C:\Program Files\Java\jdk1.7.0_51\jre\lib\sunrsasign.jar;C:\Program Files\Java\jdk1.7.0_51\jre\lib\jsse.jar;C:\Program Files\Java\jdk1.7.0_51\jre\lib\jce.jar;C:\Program Files\Java\jdk1.7.0_51\jre\lib\charsets.jar;C:\Program Files\Java\jdk1.7.0_51\jre\lib\jfr.jar;C:\Program Files\Java\jdk1.7.0_51\jre\classes, env.COMPUTERNAME=LOANER-PC01, env.ALLUSERSPROFILE=C:\ProgramData, sun.desktop=windows, java.vm.specification.vendor=Oracle Corporation, java.runtime.version=1.7.0_51-b13, env.HOMEPATH=\Users\mmunisamy, project.build.sourceEncoding=UTF-8, user.name=mmunisamy, maven.build.version=Apache Maven 3.2.1 (ea8b2b07643dbb1b84b6d16e1f08391b666bc1e9; 2014-02-14T09:37:52-08:00), env.PATH=C:\Program Files\Common Files\Microsoft Shared\Microsoft Online Services;C:\Program Files (x86)\Common Files\Microsoft Shared\Microsoft Online Services;C:\Program Files (x86)\Intel\iCLS Client\;C:\Program Files\Intel\iCLS Client\;C:\Windows\system32;C:\Windows;C:\Windows\System32\Wbem;C:\Windows\System32\WindowsPowerShell\v1.0\;C:\Program Files\Intel\Intel(R) Management Engine Components\DAL;C:\Program Files\Intel\Intel(R) Management Engine Components\IPT;C:\Program Files (x86)\Intel\Intel(R) Management Engine Components\DAL;C:\Program Files (x86)\Intel\Intel(R) Management Engine Components\IPT;C:\Program Files\Intel\WiFi\bin\;C:\Program Files\Common Files\Intel\WirelessCommon\;C:\Program Files (x86)\Intel\OpenCL SDK\2.0\bin\x86;C:\Program Files (x86)\Intel\OpenCL SDK\2.0\bin\x64;C:\Program Files (x86)\Windows Kits\8.1\Windows Performance Toolkit\;C:\Program Files\Microsoft SQL Server\110\Tools\Binn\;C:\Program Files (x86)\MySQL\MySQL Server 5.1\bin;C:\Program Files (x86)\PICT\;C:\work\TestDev\RegressionTest\lib\libs;C:\Program Files (x86)\Sikuli X\libs;bin;C:\Program Files\apache-maven-3.1.1\bin;C:\Eclipse\plugins\org.testng.eclipse_6.8.6.20141201_2240\lib;C:\work\TestAutomationResources\apache-maven-3.2.1-bin\apache-maven-3.2.1\bin;C:\Program Files\Java\jdk1.7.0_51\bin;C:\Program Files\Java\jdk1.7.0_51\lib;"C:\Program Files\Sikuli Slides";C:\work\TestDev\RegressionTest\lib\libs, user.language=en, env.WINDIR=C:\Windows, sun.boot.library.path=C:\Program Files\Java\jdk1.7.0_51\jre\bin, classworlds.conf=C:\work\TestAutomationResources\apache-maven-3.2.1-bin\apache-maven-3.2.1\bin\m2.conf, java.version=1.7.0_51, env.PROCESSOR_IDENTIFIER=Intel64 Family 6 Model 58 Stepping 9, GenuineIntel, user.timezone=America/Los_Angeles, env.TEMP=C:\Users\MMUNIS~1\AppData\Local\Temp, sun.arch.data.model=64, java.endorsed.dirs=C:\Program Files\Java\jdk1.7.0_51\jre\lib\endorsed, sun.cpu.isalist=amd64, env.HOMEDRIVE=C:, sun.jnu.encoding=Cp1252, file.encoding.pkg=sun.io, env.SYSTEMDRIVE=C:, file.separator=\, java.specification.name=Java Platform API Specification, java.class.version=51.0, org.slf4j.simpleLogger.defaultLogLevel=debug, user.country=US, java.home=C:\Program Files\Java\jdk1.7.0_51\jre, env.APPDATA=C:\Users\mmunisamy\AppData\Roaming, env.PUBLIC=C:\Users\Public, java.vm.info=mixed mode, env.CATALINA_HOME=C:\work\Dev\apache-tomcat-7.0.27, env.OS=Windows_NT, os.version=6.1, path.separator=;, java.vm.version=24.51-b03, user.variant=, env.USERPROFILE=C:\Users\mmunisamy, env.JAVA_HOME=C:\Program Files\Java\jdk1.7.0_51, java.awt.printerjob=sun.awt.windows.WPrinterJob, env.TMP=C:\Users\MMUNIS~1\AppData\Local\Temp, env.PROGRAMFILES=C:\Program Files, sun.io.unicode.encoding=UnicodeLittle, awt.toolkit=sun.awt.windows.WToolkit, user.script=, user.home=C:\Users\mmunisamy, env.COMMONPROGRAMFILES=C:\Program Files\Common Files, env.=EXITCODE=00000001, env.SESSIONNAME=Console, java.specification.vendor=Oracle Corporation, env.M2_HOME=C:\work\TestAutomationResources\apache-maven-3.2.1-bin\apache-maven-3.2.1, env.NUMBER_OF_PROCESSORS=4, java.library.path=C:\Program Files\Java\jdk1.7.0_51\bin;C:\Windows\Sun\Java\bin;C:\Windows\system32;C:\Windows;C:\Program Files\Common Files\Microsoft Shared\Microsoft Online Services;C:\Program Files (x86)\Common Files\Microsoft Shared\Microsoft Online Services;C:\Program Files (x86)\Intel\iCLS Client\;C:\Program Files\Intel\iCLS Client\;C:\Windows\system32;C:\Windows;C:\Windows\System32\Wbem;C:\Windows\System32\WindowsPowerShell\v1.0\;C:\Program Files\Intel\Intel(R) Management Engine Components\DAL;C:\Program Files\Intel\Intel(R) Management Engine Components\IPT;C:\Program Files (x86)\Intel\Intel(R) Management Engine Components\DAL;C:\Program Files (x86)\Intel\Intel(R) Management Engine Components\IPT;C:\Program Files\Intel\WiFi\bin\;C:\Program Files\Common Files\Intel\WirelessCommon\;C:\Program Files (x86)\Intel\OpenCL SDK\2.0\bin\x86;C:\Program Files (x86)\Intel\OpenCL SDK\2.0\bin\x64;C:\Program Files (x86)\Windows Kits\8.1\Windows Performance Toolkit\;C:\Program Files\Microsoft SQL Server\110\Tools\Binn\;C:\Program Files (x86)\MySQL\MySQL Server 5.1\bin;C:\Program Files (x86)\PICT\;C:\work\TestDev\RegressionTest\lib\libs;C:\Program Files (x86)\Sikuli X\libs;bin;C:\Program Files\apache-maven-3.1.1\bin;C:\Eclipse\plugins\org.testng.eclipse_6.8.6.20141201_2240\lib;C:\work\TestAutomationResources\apache-maven-3.2.1-bin\apache-maven-3.2.1\bin;C:\Program Files\Java\jdk1.7.0_51\bin;C:\Program Files\Java\jdk1.7.0_51\lib;"C:\Program Files\Sikuli Slides";C:\work\TestDev\RegressionTest\lib\libs;., java.vendor.url=http://java.oracle.com/, env.COMMONPROGRAMFILES(X86)=C:\Program Files (x86)\Common Files, env.USERDNSDOMAIN=CORP.MINDRESEARCH.NET, env.PSMODULEPATH=C:\Windows\system32\WindowsPowerShell\v1.0\Modules\, env.CLASSWORLDS_LAUNCHER=org.codehaus.plexus.classworlds.launcher.Launcher, env.MAVEN_CMD_LINE_ARGS=clean install -U -X, env.SIKULI_HOME=C:\Program Files (x86)\Sikuli X\, java.vm.vendor=Oracle Corporation, maven.home=C:\work\TestAutomationResources\apache-maven-3.2.1-bin\apache-maven-3.2.1, java.runtime.name=Java(TM) SE Runtime Environment, sun.java.command=org.codehaus.plexus.classworlds.launcher.Launcher clean install -U -X, java.class.path=C:\work\TestAutomationResources\apache-maven-3.2.1-bin\apache-maven-3.2.1\boot\plexus-classworlds-2.5.1.jar, env.PROGRAMW6432=C:\Program Files, env.SIKULI_IMAGE_PATH=C:\work\TestAutomationResources, maven.version=3.2.1, env.PROGRAMFILES(X86)=C:\Program Files (x86), env.MAVEN_JAVA_EXE="C:\Program Files\Java\jdk1.7.0_51\bin\java.exe", java.vm.specification.name=Java Virtual Machine Specification, env.LOGONSERVER=\\MINDCORPAD2, java.vm.specification.version=1.7, env.PROCESSOR_ARCHITECTURE=AMD64, env.COMMONPROGRAMW6432=C:\Program Files\Common Files, sun.cpu.endian=little, sun.os.patch.level=Service Pack 1, env.HOME=C:\Users\mmunisamy, java.io.tmpdir=C:\Users\MMUNIS~1\AppData\Local\Temp\, env.PROCESSOR_REVISION=3a09, env.VBOX_INSTALL_PATH=C:\Program Files\Oracle\VirtualBox\, env.VS120COMNTOOLS=C:\Program Files (x86)\Microsoft Visual Studio 12.0\Common7\Tools\, java.vendor.url.bug=http://bugreport.sun.com/bugreport/, env.PROGRAMDATA=C:\ProgramData, env.COMSPEC=C:\Windows\system32\cmd.exe, os.arch=amd64, java.awt.graphicsenv=sun.awt.Win32GraphicsEnvironment, java.ext.dirs=C:\Program Files\Java\jdk1.7.0_51\jre\lib\ext;C:\Windows\Sun\Java\lib\ext, env.LOCALAPPDATA=C:\Users\mmunisamy\AppData\Local, user.dir=C:\work\TestDev\RegressionTest, line.separator=
, env.CLASSWORLDS_JAR="C:\work\TestAutomationResources\apache-maven-3.2.1-bin\apache-maven-3.2.1\boot\plexus-classworlds-2.5.1.jar", java.vm.name=Java HotSpot(TM) 64-Bit Server VM, env.PATHEXT=.COM;.EXE;.BAT;.CMD;.VBS;.VBE;.JS;.JSE;.WSF;.WSH;.MSC, env.M2=C:\work\TestAutomationResources\apache-maven-3.2.1-bin\apache-maven-3.2.1\bin, env.ERROR_CODE=0, env.USERNAME=mmunisamy, file.encoding=Cp1252, env.USERDOMAIN=CORP, java.specification.version=1.7, env.=C:=C:\work\TestDev\RegressionTest, env.PROCESSOR_LEVEL=6}
[INFO] Using 'UTF-8' encoding to copy filtered resources.
[DEBUG] resource with targetPath null
directory C:\work\TestDev\RegressionTest\src\main\resources
excludes []
includes []
[INFO] skip non existing resourceDirectory C:\work\TestDev\RegressionTest\src\main\resources
[DEBUG] no use filter components
[INFO] 
[INFO] --- maven-compiler-plugin:2.5.1:compile (default-compile) @ RegressionTest ---
[DEBUG] Dependency collection stats: {ConflictMarker.analyzeTime=0, ConflictMarker.markTime=1, ConflictMarker.nodeCount=106, ConflictIdSorter.graphTime=0, ConflictIdSorter.topsortTime=0, ConflictIdSorter.conflictIdCount=27, ConflictIdSorter.conflictIdCycleCount=0, ConflictResolver.totalTime=3, ConflictResolver.conflictItemCount=53, DefaultDependencyCollector.collectTime=123, DefaultDependencyCollector.transformTime=5}
[DEBUG] org.apache.maven.plugins:maven-compiler-plugin:jar:2.5.1:
[DEBUG]    org.apache.maven:maven-plugin-api:jar:2.0.9:compile
[DEBUG]    org.apache.maven:maven-artifact:jar:2.0.9:compile
[DEBUG]    org.apache.maven:maven-core:jar:2.0.9:compile
[DEBUG]       org.apache.maven:maven-settings:jar:2.0.9:compile
[DEBUG]       org.apache.maven:maven-plugin-parameter-documenter:jar:2.0.9:compile
[DEBUG]       org.apache.maven:maven-profile:jar:2.0.9:compile
[DEBUG]       org.apache.maven:maven-model:jar:2.0.9:compile
[DEBUG]       org.apache.maven:maven-repository-metadata:jar:2.0.9:compile
[DEBUG]       org.apache.maven:maven-error-diagnostics:jar:2.0.9:compile
[DEBUG]       org.apache.maven:maven-project:jar:2.0.9:compile
[DEBUG]          org.apache.maven:maven-plugin-registry:jar:2.0.9:compile
[DEBUG]       org.apache.maven:maven-plugin-descriptor:jar:2.0.9:compile
[DEBUG]       org.apache.maven:maven-artifact-manager:jar:2.0.9:compile
[DEBUG]       org.apache.maven:maven-monitor:jar:2.0.9:compile
[DEBUG]    org.apache.maven:maven-toolchain:jar:1.0:compile
[DEBUG]    org.codehaus.plexus:plexus-utils:jar:3.0:compile
[DEBUG]    org.codehaus.plexus:plexus-compiler-api:jar:1.9.1:compile
[DEBUG]    org.codehaus.plexus:plexus-compiler-manager:jar:1.9.1:compile
[DEBUG]    org.codehaus.plexus:plexus-compiler-javac:jar:1.9.1:runtime
[DEBUG]    org.codehaus.plexus:plexus-container-default:jar:1.0-alpha-9-stable-1:compile
[DEBUG]       junit:junit:jar:3.8.1:compile
[DEBUG]       classworlds:classworlds:jar:1.1-alpha-2:compile
[DEBUG] Created new class realm plugin>org.apache.maven.plugins:maven-compiler-plugin:2.5.1
[DEBUG] Importing foreign packages into class realm plugin>org.apache.maven.plugins:maven-compiler-plugin:2.5.1
[DEBUG]   Imported:  < maven.api
[DEBUG] Populating class realm plugin>org.apache.maven.plugins:maven-compiler-plugin:2.5.1
[DEBUG]   Included: org.apache.maven.plugins:maven-compiler-plugin:jar:2.5.1
[DEBUG]   Included: org.codehaus.plexus:plexus-utils:jar:3.0
[DEBUG]   Included: org.codehaus.plexus:plexus-compiler-api:jar:1.9.1
[DEBUG]   Included: org.codehaus.plexus:plexus-compiler-manager:jar:1.9.1
[DEBUG]   Included: org.codehaus.plexus:plexus-compiler-javac:jar:1.9.1
[DEBUG]   Included: junit:junit:jar:3.8.1
[DEBUG]   Excluded: org.apache.maven:maven-plugin-api:jar:2.0.9
[DEBUG]   Excluded: org.apache.maven:maven-artifact:jar:2.0.9
[DEBUG]   Excluded: org.apache.maven:maven-core:jar:2.0.9
[DEBUG]   Excluded: org.apache.maven:maven-settings:jar:2.0.9
[DEBUG]   Excluded: org.apache.maven:maven-plugin-parameter-documenter:jar:2.0.9
[DEBUG]   Excluded: org.apache.maven:maven-profile:jar:2.0.9
[DEBUG]   Excluded: org.apache.maven:maven-model:jar:2.0.9
[DEBUG]   Excluded: org.apache.maven:maven-repository-metadata:jar:2.0.9
[DEBUG]   Excluded: org.apache.maven:maven-error-diagnostics:jar:2.0.9
[DEBUG]   Excluded: org.apache.maven:maven-project:jar:2.0.9
[DEBUG]   Excluded: org.apache.maven:maven-plugin-registry:jar:2.0.9
[DEBUG]   Excluded: org.apache.maven:maven-plugin-descriptor:jar:2.0.9
[DEBUG]   Excluded: org.apache.maven:maven-artifact-manager:jar:2.0.9
[DEBUG]   Excluded: org.apache.maven:maven-monitor:jar:2.0.9
[DEBUG]   Excluded: org.apache.maven:maven-toolchain:jar:1.0
[DEBUG]   Excluded: org.codehaus.plexus:plexus-container-default:jar:1.0-alpha-9-stable-1
[DEBUG]   Excluded: classworlds:classworlds:jar:1.1-alpha-2
[DEBUG] Configuring mojo org.apache.maven.plugins:maven-compiler-plugin:2.5.1:compile from plugin realm ClassRealm[plugin>org.apache.maven.plugins:maven-compiler-plugin:2.5.1, parent: sun.misc.Launcher$AppClassLoader@749cd006]
[DEBUG] Configuring mojo 'org.apache.maven.plugins:maven-compiler-plugin:2.5.1:compile' with basic configurator -->
[DEBUG]   (f) basedir = C:\work\TestDev\RegressionTest
[DEBUG]   (f) buildDirectory = C:\work\TestDev\RegressionTest\target
[DEBUG]   (f) classpathElements = [C:\work\TestDev\RegressionTest\target\classes, C:\Users\mmunisamy\.m2\repository\junit\junit\3.8.1\junit-3.8.1.jar, C:\Users\mmunisamy\.m2\repository\org\sikuli\sikuli-api\1.0.2\sikuli-api-1.0.2.jar, C:\Users\mmunisamy\.m2\repository\javax\media\jmf\2.1.1e\jmf-2.1.1e.jar, C:\Users\mmunisamy\.m2\repository\org\sikuli\sikuli-core\1.1.3\sikuli-core-1.1.3.jar, C:\Users\mmunisamy\.m2\repository\org\slf4j\slf4j-api\1.6.6\slf4j-api-1.6.6.jar, C:\Users\mmunisamy\.m2\repository\com\googlecode\javacpp\javacpp\0.1\javacpp-0.1.jar, C:\Users\mmunisamy\.m2\repository\com\googlecode\javacv\javacv\0.1\javacv-0.1.jar, C:\Users\mmunisamy\.m2\repository\com\googlecode\javacv\javacv\0.1\javacv-0.1-macosx-x86_64.jar, C:\Users\mmunisamy\.m2\repository\com\googlecode\javacv\javacv\0.1\javacv-0.1-windows-x86.jar, C:\Users\mmunisamy\.m2\repository\com\googlecode\javacv\javacv\0.1\javacv-0.1-windows-x86_64.jar, C:\Users\mmunisamy\.m2\repository\com\googlecode\javacv\javacv\0.1\javacv-0.1-linux-x86_64.jar, C:\Users\mmunisamy\.m2\repository\com\googlecode\javacv\javacv\0.1\javacv-0.1-linux-x86.jar, C:\Users\mmunisamy\.m2\repository\org\antlr\stringtemplate\4.0.2\stringtemplate-4.0.2.jar, C:\Users\mmunisamy\.m2\repository\org\antlr\antlr-runtime\3.3\antlr-runtime-3.3.jar, C:\Users\mmunisamy\.m2\repository\com\google\guava\guava\14.0.1\guava-14.0.1.jar, C:\Users\mmunisamy\.m2\repository\org\piccolo2d\piccolo2d-extras\1.3.1\piccolo2d-extras-1.3.1.jar, C:\Users\mmunisamy\.m2\repository\org\piccolo2d\piccolo2d-core\1.3.1\piccolo2d-core-1.3.1.jar, C:\Users\mmunisamy\.m2\repository\com\jgoodies\looks\2.2.2\looks-2.2.2.jar, C:\work\TestDev\RegressionTest\lib\sikuli-java-1.0.1.jar, C:\Users\mmunisamy\.m2\repository\org\testng\testng\6.3.1\testng-6.3.1.jar, C:\Users\mmunisamy\.m2\repository\org\beanshell\bsh\2.0b4\bsh-2.0b4.jar, C:\Users\mmunisamy\.m2\repository\com\beust\jcommander\1.12\jcommander-1.12.jar, C:\Users\mmunisamy\.m2\repository\org\yaml\snakeyaml\1.6\snakeyaml-1.6.jar]
[DEBUG]   (f) compileSourceRoots = [C:\work\TestDev\RegressionTest\src\main\java]
[DEBUG]   (f) compilerId = javac
[DEBUG]   (f) debug = true
[DEBUG]   (f) encoding = UTF-8
[DEBUG]   (f) failOnError = true
[DEBUG]   (f) fork = false
[DEBUG]   (f) generatedSourcesDirectory = C:\work\TestDev\RegressionTest\target\generated-sources\annotations
[DEBUG]   (f) optimize = false
[DEBUG]   (f) outputDirectory = C:\work\TestDev\RegressionTest\target\classes
[DEBUG]   (f) outputFileName = RegressionTest-0.0.1-SNAPSHOT
[DEBUG]   (f) projectArtifact = STMath:RegressionTest:jar:0.0.1-SNAPSHOT
[DEBUG]   (f) session = org.apache.maven.execution.MavenSession@6d69d193
[DEBUG]   (f) showDeprecation = false
[DEBUG]   (f) showWarnings = false
[DEBUG]   (f) source = 1.5
[DEBUG]   (f) staleMillis = 0
[DEBUG]   (f) target = 1.5
[DEBUG]   (f) verbose = false
[DEBUG] -- end configuration --
[DEBUG] Using compiler 'javac'.
[DEBUG] Source directories: [C:\work\TestDev\RegressionTest\src\main\java]
[DEBUG] Classpath: [C:\work\TestDev\RegressionTest\target\classes
 C:\Users\mmunisamy\.m2\repository\junit\junit\3.8.1\junit-3.8.1.jar
 C:\Users\mmunisamy\.m2\repository\org\sikuli\sikuli-api\1.0.2\sikuli-api-1.0.2.jar
 C:\Users\mmunisamy\.m2\repository\javax\media\jmf\2.1.1e\jmf-2.1.1e.jar
 C:\Users\mmunisamy\.m2\repository\org\sikuli\sikuli-core\1.1.3\sikuli-core-1.1.3.jar
 C:\Users\mmunisamy\.m2\repository\org\slf4j\slf4j-api\1.6.6\slf4j-api-1.6.6.jar
 C:\Users\mmunisamy\.m2\repository\com\googlecode\javacpp\javacpp\0.1\javacpp-0.1.jar
 C:\Users\mmunisamy\.m2\repository\com\googlecode\javacv\javacv\0.1\javacv-0.1.jar
 C:\Users\mmunisamy\.m2\repository\com\googlecode\javacv\javacv\0.1\javacv-0.1-macosx-x86_64.jar
 C:\Users\mmunisamy\.m2\repository\com\googlecode\javacv\javacv\0.1\javacv-0.1-windows-x86.jar
 C:\Users\mmunisamy\.m2\repository\com\googlecode\javacv\javacv\0.1\javacv-0.1-windows-x86_64.jar
 C:\Users\mmunisamy\.m2\repository\com\googlecode\javacv\javacv\0.1\javacv-0.1-linux-x86_64.jar
 C:\Users\mmunisamy\.m2\repository\com\googlecode\javacv\javacv\0.1\javacv-0.1-linux-x86.jar
 C:\Users\mmunisamy\.m2\repository\org\antlr\stringtemplate\4.0.2\stringtemplate-4.0.2.jar
 C:\Users\mmunisamy\.m2\repository\org\antlr\antlr-runtime\3.3\antlr-runtime-3.3.jar
 C:\Users\mmunisamy\.m2\repository\com\google\guava\guava\14.0.1\guava-14.0.1.jar
 C:\Users\mmunisamy\.m2\repository\org\piccolo2d\piccolo2d-extras\1.3.1\piccolo2d-extras-1.3.1.jar
 C:\Users\mmunisamy\.m2\repository\org\piccolo2d\piccolo2d-core\1.3.1\piccolo2d-core-1.3.1.jar
 C:\Users\mmunisamy\.m2\repository\com\jgoodies\looks\2.2.2\looks-2.2.2.jar
 C:\work\TestDev\RegressionTest\lib\sikuli-java-1.0.1.jar
 C:\Users\mmunisamy\.m2\repository\org\testng\testng\6.3.1\testng-6.3.1.jar
 C:\Users\mmunisamy\.m2\repository\org\beanshell\bsh\2.0b4\bsh-2.0b4.jar
 C:\Users\mmunisamy\.m2\repository\com\beust\jcommander\1.12\jcommander-1.12.jar
 C:\Users\mmunisamy\.m2\repository\org\yaml\snakeyaml\1.6\snakeyaml-1.6.jar]
[DEBUG] Output directory: C:\work\TestDev\RegressionTest\target\classes
[DEBUG] CompilerReuseStrategy: reuseCreated
[INFO] Nothing to compile - all classes are up to date
[INFO] 
[INFO] --- maven-resources-plugin:2.6:testResources (default-testResources) @ RegressionTest ---
[DEBUG] Configuring mojo org.apache.maven.plugins:maven-resources-plugin:2.6:testResources from plugin realm ClassRealm[plugin>org.apache.maven.plugins:maven-resources-plugin:2.6, parent: sun.misc.Launcher$AppClassLoader@749cd006]
[DEBUG] Configuring mojo 'org.apache.maven.plugins:maven-resources-plugin:2.6:testResources' with basic configurator -->
[DEBUG]   (f) buildFilters = []
[DEBUG]   (f) encoding = UTF-8
[DEBUG]   (f) escapeWindowsPaths = true
[DEBUG]   (s) includeEmptyDirs = false
[DEBUG]   (s) outputDirectory = C:\work\TestDev\RegressionTest\target\test-classes
[DEBUG]   (s) overwrite = false
[DEBUG]   (f) project = MavenProject: STMath:RegressionTest:0.0.1-SNAPSHOT @ C:\work\TestDev\RegressionTest\pom.xml
[DEBUG]   (s) resources = [Resource {targetPath: null, filtering: false, FileSet {directory: C:\work\TestDev\RegressionTest\src\test\resources, PatternSet [includes: {}, excludes: {}]}}]
[DEBUG]   (f) session = org.apache.maven.execution.MavenSession@6d69d193
[DEBUG]   (f) supportMultiLineFiltering = false
[DEBUG]   (f) useBuildFilters = true
[DEBUG]   (s) useDefaultDelimiters = true
[DEBUG] -- end configuration --
[DEBUG] properties used {java.vendor=Oracle Corporation, env.SYSTEMROOT=C:\Windows, sun.java.launcher=SUN_STANDARD, sun.management.compiler=HotSpot 64-Bit Tiered Compilers, env.PROMPT=$P$G, os.name=Windows 7, env.FP_NO_HOST_CHECK=NO, sun.boot.class.path=C:\Program Files\Java\jdk1.7.0_51\jre\lib\resources.jar;C:\Program Files\Java\jdk1.7.0_51\jre\lib\rt.jar;C:\Program Files\Java\jdk1.7.0_51\jre\lib\sunrsasign.jar;C:\Program Files\Java\jdk1.7.0_51\jre\lib\jsse.jar;C:\Program Files\Java\jdk1.7.0_51\jre\lib\jce.jar;C:\Program Files\Java\jdk1.7.0_51\jre\lib\charsets.jar;C:\Program Files\Java\jdk1.7.0_51\jre\lib\jfr.jar;C:\Program Files\Java\jdk1.7.0_51\jre\classes, env.COMPUTERNAME=LOANER-PC01, env.ALLUSERSPROFILE=C:\ProgramData, sun.desktop=windows, java.vm.specification.vendor=Oracle Corporation, java.runtime.version=1.7.0_51-b13, env.HOMEPATH=\Users\mmunisamy, project.build.sourceEncoding=UTF-8, user.name=mmunisamy, maven.build.version=Apache Maven 3.2.1 (ea8b2b07643dbb1b84b6d16e1f08391b666bc1e9; 2014-02-14T09:37:52-08:00), env.PATH=C:\Program Files\Common Files\Microsoft Shared\Microsoft Online Services;C:\Program Files (x86)\Common Files\Microsoft Shared\Microsoft Online Services;C:\Program Files (x86)\Intel\iCLS Client\;C:\Program Files\Intel\iCLS Client\;C:\Windows\system32;C:\Windows;C:\Windows\System32\Wbem;C:\Windows\System32\WindowsPowerShell\v1.0\;C:\Program Files\Intel\Intel(R) Management Engine Components\DAL;C:\Program Files\Intel\Intel(R) Management Engine Components\IPT;C:\Program Files (x86)\Intel\Intel(R) Management Engine Components\DAL;C:\Program Files (x86)\Intel\Intel(R) Management Engine Components\IPT;C:\Program Files\Intel\WiFi\bin\;C:\Program Files\Common Files\Intel\WirelessCommon\;C:\Program Files (x86)\Intel\OpenCL SDK\2.0\bin\x86;C:\Program Files (x86)\Intel\OpenCL SDK\2.0\bin\x64;C:\Program Files (x86)\Windows Kits\8.1\Windows Performance Toolkit\;C:\Program Files\Microsoft SQL Server\110\Tools\Binn\;C:\Program Files (x86)\MySQL\MySQL Server 5.1\bin;C:\Program Files (x86)\PICT\;C:\work\TestDev\RegressionTest\lib\libs;C:\Program Files (x86)\Sikuli X\libs;bin;C:\Program Files\apache-maven-3.1.1\bin;C:\Eclipse\plugins\org.testng.eclipse_6.8.6.20141201_2240\lib;C:\work\TestAutomationResources\apache-maven-3.2.1-bin\apache-maven-3.2.1\bin;C:\Program Files\Java\jdk1.7.0_51\bin;C:\Program Files\Java\jdk1.7.0_51\lib;"C:\Program Files\Sikuli Slides";C:\work\TestDev\RegressionTest\lib\libs, user.language=en, env.WINDIR=C:\Windows, sun.boot.library.path=C:\Program Files\Java\jdk1.7.0_51\jre\bin, classworlds.conf=C:\work\TestAutomationResources\apache-maven-3.2.1-bin\apache-maven-3.2.1\bin\m2.conf, java.version=1.7.0_51, env.PROCESSOR_IDENTIFIER=Intel64 Family 6 Model 58 Stepping 9, GenuineIntel, user.timezone=America/Los_Angeles, env.TEMP=C:\Users\MMUNIS~1\AppData\Local\Temp, sun.arch.data.model=64, java.endorsed.dirs=C:\Program Files\Java\jdk1.7.0_51\jre\lib\endorsed, sun.cpu.isalist=amd64, env.HOMEDRIVE=C:, sun.jnu.encoding=Cp1252, file.encoding.pkg=sun.io, env.SYSTEMDRIVE=C:, file.separator=\, java.specification.name=Java Platform API Specification, java.class.version=51.0, org.slf4j.simpleLogger.defaultLogLevel=debug, user.country=US, java.home=C:\Program Files\Java\jdk1.7.0_51\jre, env.APPDATA=C:\Users\mmunisamy\AppData\Roaming, env.PUBLIC=C:\Users\Public, java.vm.info=mixed mode, env.CATALINA_HOME=C:\work\Dev\apache-tomcat-7.0.27, env.OS=Windows_NT, os.version=6.1, path.separator=;, java.vm.version=24.51-b03, user.variant=, env.USERPROFILE=C:\Users\mmunisamy, env.JAVA_HOME=C:\Program Files\Java\jdk1.7.0_51, java.awt.printerjob=sun.awt.windows.WPrinterJob, env.TMP=C:\Users\MMUNIS~1\AppData\Local\Temp, env.PROGRAMFILES=C:\Program Files, sun.io.unicode.encoding=UnicodeLittle, awt.toolkit=sun.awt.windows.WToolkit, user.script=, user.home=C:\Users\mmunisamy, env.COMMONPROGRAMFILES=C:\Program Files\Common Files, env.=EXITCODE=00000001, env.SESSIONNAME=Console, java.specification.vendor=Oracle Corporation, env.M2_HOME=C:\work\TestAutomationResources\apache-maven-3.2.1-bin\apache-maven-3.2.1, env.NUMBER_OF_PROCESSORS=4, java.library.path=C:\Program Files\Java\jdk1.7.0_51\bin;C:\Windows\Sun\Java\bin;C:\Windows\system32;C:\Windows;C:\Program Files\Common Files\Microsoft Shared\Microsoft Online Services;C:\Program Files (x86)\Common Files\Microsoft Shared\Microsoft Online Services;C:\Program Files (x86)\Intel\iCLS Client\;C:\Program Files\Intel\iCLS Client\;C:\Windows\system32;C:\Windows;C:\Windows\System32\Wbem;C:\Windows\System32\WindowsPowerShell\v1.0\;C:\Program Files\Intel\Intel(R) Management Engine Components\DAL;C:\Program Files\Intel\Intel(R) Management Engine Components\IPT;C:\Program Files (x86)\Intel\Intel(R) Management Engine Components\DAL;C:\Program Files (x86)\Intel\Intel(R) Management Engine Components\IPT;C:\Program Files\Intel\WiFi\bin\;C:\Program Files\Common Files\Intel\WirelessCommon\;C:\Program Files (x86)\Intel\OpenCL SDK\2.0\bin\x86;C:\Program Files (x86)\Intel\OpenCL SDK\2.0\bin\x64;C:\Program Files (x86)\Windows Kits\8.1\Windows Performance Toolkit\;C:\Program Files\Microsoft SQL Server\110\Tools\Binn\;C:\Program Files (x86)\MySQL\MySQL Server 5.1\bin;C:\Program Files (x86)\PICT\;C:\work\TestDev\RegressionTest\lib\libs;C:\Program Files (x86)\Sikuli X\libs;bin;C:\Program Files\apache-maven-3.1.1\bin;C:\Eclipse\plugins\org.testng.eclipse_6.8.6.20141201_2240\lib;C:\work\TestAutomationResources\apache-maven-3.2.1-bin\apache-maven-3.2.1\bin;C:\Program Files\Java\jdk1.7.0_51\bin;C:\Program Files\Java\jdk1.7.0_51\lib;"C:\Program Files\Sikuli Slides";C:\work\TestDev\RegressionTest\lib\libs;., java.vendor.url=http://java.oracle.com/, env.COMMONPROGRAMFILES(X86)=C:\Program Files (x86)\Common Files, env.USERDNSDOMAIN=CORP.MINDRESEARCH.NET, env.PSMODULEPATH=C:\Windows\system32\WindowsPowerShell\v1.0\Modules\, env.CLASSWORLDS_LAUNCHER=org.codehaus.plexus.classworlds.launcher.Launcher, env.MAVEN_CMD_LINE_ARGS=clean install -U -X, env.SIKULI_HOME=C:\Program Files (x86)\Sikuli X\, java.vm.vendor=Oracle Corporation, maven.home=C:\work\TestAutomationResources\apache-maven-3.2.1-bin\apache-maven-3.2.1, java.runtime.name=Java(TM) SE Runtime Environment, sun.java.command=org.codehaus.plexus.classworlds.launcher.Launcher clean install -U -X, java.class.path=C:\work\TestAutomationResources\apache-maven-3.2.1-bin\apache-maven-3.2.1\boot\plexus-classworlds-2.5.1.jar, env.PROGRAMW6432=C:\Program Files, env.SIKULI_IMAGE_PATH=C:\work\TestAutomationResources, maven.version=3.2.1, env.PROGRAMFILES(X86)=C:\Program Files (x86), env.MAVEN_JAVA_EXE="C:\Program Files\Java\jdk1.7.0_51\bin\java.exe", java.vm.specification.name=Java Virtual Machine Specification, env.LOGONSERVER=\\MINDCORPAD2, java.vm.specification.version=1.7, env.PROCESSOR_ARCHITECTURE=AMD64, env.COMMONPROGRAMW6432=C:\Program Files\Common Files, sun.cpu.endian=little, sun.os.patch.level=Service Pack 1, env.HOME=C:\Users\mmunisamy, java.io.tmpdir=C:\Users\MMUNIS~1\AppData\Local\Temp\, env.PROCESSOR_REVISION=3a09, env.VBOX_INSTALL_PATH=C:\Program Files\Oracle\VirtualBox\, env.VS120COMNTOOLS=C:\Program Files (x86)\Microsoft Visual Studio 12.0\Common7\Tools\, java.vendor.url.bug=http://bugreport.sun.com/bugreport/, env.PROGRAMDATA=C:\ProgramData, env.COMSPEC=C:\Windows\system32\cmd.exe, os.arch=amd64, java.awt.graphicsenv=sun.awt.Win32GraphicsEnvironment, java.ext.dirs=C:\Program Files\Java\jdk1.7.0_51\jre\lib\ext;C:\Windows\Sun\Java\lib\ext, env.LOCALAPPDATA=C:\Users\mmunisamy\AppData\Local, user.dir=C:\work\TestDev\RegressionTest, line.separator=
, env.CLASSWORLDS_JAR="C:\work\TestAutomationResources\apache-maven-3.2.1-bin\apache-maven-3.2.1\boot\plexus-classworlds-2.5.1.jar", java.vm.name=Java HotSpot(TM) 64-Bit Server VM, env.PATHEXT=.COM;.EXE;.BAT;.CMD;.VBS;.VBE;.JS;.JSE;.WSF;.WSH;.MSC, env.M2=C:\work\TestAutomationResources\apache-maven-3.2.1-bin\apache-maven-3.2.1\bin, env.ERROR_CODE=0, env.USERNAME=mmunisamy, file.encoding=Cp1252, env.USERDOMAIN=CORP, java.specification.version=1.7, env.=C:=C:\work\TestDev\RegressionTest, env.PROCESSOR_LEVEL=6}
[INFO] Using 'UTF-8' encoding to copy filtered resources.
[DEBUG] resource with targetPath null
directory C:\work\TestDev\RegressionTest\src\test\resources
excludes []
includes []
[INFO] skip non existing resourceDirectory C:\work\TestDev\RegressionTest\src\test\resources
[DEBUG] no use filter components
[INFO] 
[INFO] --- maven-compiler-plugin:2.5.1:testCompile (default-testCompile) @ RegressionTest ---
[DEBUG] Configuring mojo org.apache.maven.plugins:maven-compiler-plugin:2.5.1:testCompile from plugin realm ClassRealm[plugin>org.apache.maven.plugins:maven-compiler-plugin:2.5.1, parent: sun.misc.Launcher$AppClassLoader@749cd006]
[DEBUG] Configuring mojo 'org.apache.maven.plugins:maven-compiler-plugin:2.5.1:testCompile' with basic configurator -->
[DEBUG]   (f) basedir = C:\work\TestDev\RegressionTest
[DEBUG]   (f) buildDirectory = C:\work\TestDev\RegressionTest\target
[DEBUG]   (f) classpathElements = [C:\work\TestDev\RegressionTest\target\test-classes, C:\work\TestDev\RegressionTest\target\classes, C:\Users\mmunisamy\.m2\repository\junit\junit\3.8.1\junit-3.8.1.jar, C:\Users\mmunisamy\.m2\repository\org\sikuli\sikuli-api\1.0.2\sikuli-api-1.0.2.jar, C:\Users\mmunisamy\.m2\repository\javax\media\jmf\2.1.1e\jmf-2.1.1e.jar, C:\Users\mmunisamy\.m2\repository\org\sikuli\sikuli-core\1.1.3\sikuli-core-1.1.3.jar, C:\Users\mmunisamy\.m2\repository\org\slf4j\slf4j-api\1.6.6\slf4j-api-1.6.6.jar, C:\Users\mmunisamy\.m2\repository\com\googlecode\javacpp\javacpp\0.1\javacpp-0.1.jar, C:\Users\mmunisamy\.m2\repository\com\googlecode\javacv\javacv\0.1\javacv-0.1.jar, C:\Users\mmunisamy\.m2\repository\com\googlecode\javacv\javacv\0.1\javacv-0.1-macosx-x86_64.jar, C:\Users\mmunisamy\.m2\repository\com\googlecode\javacv\javacv\0.1\javacv-0.1-windows-x86.jar, C:\Users\mmunisamy\.m2\repository\com\googlecode\javacv\javacv\0.1\javacv-0.1-windows-x86_64.jar, C:\Users\mmunisamy\.m2\repository\com\googlecode\javacv\javacv\0.1\javacv-0.1-linux-x86_64.jar, C:\Users\mmunisamy\.m2\repository\com\googlecode\javacv\javacv\0.1\javacv-0.1-linux-x86.jar, C:\Users\mmunisamy\.m2\repository\org\antlr\stringtemplate\4.0.2\stringtemplate-4.0.2.jar, C:\Users\mmunisamy\.m2\repository\org\antlr\antlr-runtime\3.3\antlr-runtime-3.3.jar, C:\Users\mmunisamy\.m2\repository\com\google\guava\guava\14.0.1\guava-14.0.1.jar, C:\Users\mmunisamy\.m2\repository\org\piccolo2d\piccolo2d-extras\1.3.1\piccolo2d-extras-1.3.1.jar, C:\Users\mmunisamy\.m2\repository\org\piccolo2d\piccolo2d-core\1.3.1\piccolo2d-core-1.3.1.jar, C:\Users\mmunisamy\.m2\repository\com\jgoodies\looks\2.2.2\looks-2.2.2.jar, C:\work\TestDev\RegressionTest\lib\sikuli-java-1.0.1.jar, C:\Users\mmunisamy\.m2\repository\org\testng\testng\6.3.1\testng-6.3.1.jar, C:\Users\mmunisamy\.m2\repository\org\beanshell\bsh\2.0b4\bsh-2.0b4.jar, C:\Users\mmunisamy\.m2\repository\com\beust\jcommander\1.12\jcommander-1.12.jar, C:\Users\mmunisamy\.m2\repository\org\yaml\snakeyaml\1.6\snakeyaml-1.6.jar]
[DEBUG]   (f) compileSourceRoots = [C:\work\TestDev\RegressionTest\src\test\java]
[DEBUG]   (f) compilerId = javac
[DEBUG]   (f) debug = true
[DEBUG]   (f) encoding = UTF-8
[DEBUG]   (f) failOnError = true
[DEBUG]   (f) fork = false
[DEBUG]   (f) generatedTestSourcesDirectory = C:\work\TestDev\RegressionTest\target\generated-test-sources\test-annotations
[DEBUG]   (f) optimize = false
[DEBUG]   (f) outputDirectory = C:\work\TestDev\RegressionTest\target\test-classes
[DEBUG]   (f) outputFileName = RegressionTest-0.0.1-SNAPSHOT
[DEBUG]   (f) session = org.apache.maven.execution.MavenSession@6d69d193
[DEBUG]   (f) showDeprecation = false
[DEBUG]   (f) showWarnings = false
[DEBUG]   (f) source = 1.5
[DEBUG]   (f) staleMillis = 0
[DEBUG]   (f) target = 1.5
[DEBUG]   (f) verbose = false
[DEBUG] -- end configuration --
[DEBUG] Using compiler 'javac'.
[DEBUG] Source directories: [C:\work\TestDev\RegressionTest\src\test\java]
[DEBUG] Classpath: [C:\work\TestDev\RegressionTest\target\test-classes
 C:\work\TestDev\RegressionTest\target\classes
 C:\Users\mmunisamy\.m2\repository\junit\junit\3.8.1\junit-3.8.1.jar
 C:\Users\mmunisamy\.m2\repository\org\sikuli\sikuli-api\1.0.2\sikuli-api-1.0.2.jar
 C:\Users\mmunisamy\.m2\repository\javax\media\jmf\2.1.1e\jmf-2.1.1e.jar
 C:\Users\mmunisamy\.m2\repository\org\sikuli\sikuli-core\1.1.3\sikuli-core-1.1.3.jar
 C:\Users\mmunisamy\.m2\repository\org\slf4j\slf4j-api\1.6.6\slf4j-api-1.6.6.jar
 C:\Users\mmunisamy\.m2\repository\com\googlecode\javacpp\javacpp\0.1\javacpp-0.1.jar
 C:\Users\mmunisamy\.m2\repository\com\googlecode\javacv\javacv\0.1\javacv-0.1.jar
 C:\Users\mmunisamy\.m2\repository\com\googlecode\javacv\javacv\0.1\javacv-0.1-macosx-x86_64.jar
 C:\Users\mmunisamy\.m2\repository\com\googlecode\javacv\javacv\0.1\javacv-0.1-windows-x86.jar
 C:\Users\mmunisamy\.m2\repository\com\googlecode\javacv\javacv\0.1\javacv-0.1-windows-x86_64.jar
 C:\Users\mmunisamy\.m2\repository\com\googlecode\javacv\javacv\0.1\javacv-0.1-linux-x86_64.jar
 C:\Users\mmunisamy\.m2\repository\com\googlecode\javacv\javacv\0.1\javacv-0.1-linux-x86.jar
 C:\Users\mmunisamy\.m2\repository\org\antlr\stringtemplate\4.0.2\stringtemplate-4.0.2.jar
 C:\Users\mmunisamy\.m2\repository\org\antlr\antlr-runtime\3.3\antlr-runtime-3.3.jar
 C:\Users\mmunisamy\.m2\repository\com\google\guava\guava\14.0.1\guava-14.0.1.jar
 C:\Users\mmunisamy\.m2\repository\org\piccolo2d\piccolo2d-extras\1.3.1\piccolo2d-extras-1.3.1.jar
 C:\Users\mmunisamy\.m2\repository\org\piccolo2d\piccolo2d-core\1.3.1\piccolo2d-core-1.3.1.jar
 C:\Users\mmunisamy\.m2\repository\com\jgoodies\looks\2.2.2\looks-2.2.2.jar
 C:\work\TestDev\RegressionTest\lib\sikuli-java-1.0.1.jar
 C:\Users\mmunisamy\.m2\repository\org\testng\testng\6.3.1\testng-6.3.1.jar
 C:\Users\mmunisamy\.m2\repository\org\beanshell\bsh\2.0b4\bsh-2.0b4.jar
 C:\Users\mmunisamy\.m2\repository\com\beust\jcommander\1.12\jcommander-1.12.jar
 C:\Users\mmunisamy\.m2\repository\org\yaml\snakeyaml\1.6\snakeyaml-1.6.jar]
[DEBUG] Output directory: C:\work\TestDev\RegressionTest\target\test-classes
[DEBUG] CompilerReuseStrategy: reuseCreated
[DEBUG] Classpath:
[DEBUG]  C:\work\TestDev\RegressionTest\target\test-classes
[DEBUG]  C:\work\TestDev\RegressionTest\target\classes
[DEBUG]  C:\Users\mmunisamy\.m2\repository\junit\junit\3.8.1\junit-3.8.1.jar
[DEBUG]  C:\Users\mmunisamy\.m2\repository\org\sikuli\sikuli-api\1.0.2\sikuli-api-1.0.2.jar
[DEBUG]  C:\Users\mmunisamy\.m2\repository\javax\media\jmf\2.1.1e\jmf-2.1.1e.jar
[DEBUG]  C:\Users\mmunisamy\.m2\repository\org\sikuli\sikuli-core\1.1.3\sikuli-core-1.1.3.jar
[DEBUG]  C:\Users\mmunisamy\.m2\repository\org\slf4j\slf4j-api\1.6.6\slf4j-api-1.6.6.jar
[DEBUG]  C:\Users\mmunisamy\.m2\repository\com\googlecode\javacpp\javacpp\0.1\javacpp-0.1.jar
[DEBUG]  C:\Users\mmunisamy\.m2\repository\com\googlecode\javacv\javacv\0.1\javacv-0.1.jar
[DEBUG]  C:\Users\mmunisamy\.m2\repository\com\googlecode\javacv\javacv\0.1\javacv-0.1-macosx-x86_64.jar
[DEBUG]  C:\Users\mmunisamy\.m2\repository\com\googlecode\javacv\javacv\0.1\javacv-0.1-windows-x86.jar
[DEBUG]  C:\Users\mmunisamy\.m2\repository\com\googlecode\javacv\javacv\0.1\javacv-0.1-windows-x86_64.jar
[DEBUG]  C:\Users\mmunisamy\.m2\repository\com\googlecode\javacv\javacv\0.1\javacv-0.1-linux-x86_64.jar
[DEBUG]  C:\Users\mmunisamy\.m2\repository\com\googlecode\javacv\javacv\0.1\javacv-0.1-linux-x86.jar
[DEBUG]  C:\Users\mmunisamy\.m2\repository\org\antlr\stringtemplate\4.0.2\stringtemplate-4.0.2.jar
[DEBUG]  C:\Users\mmunisamy\.m2\repository\org\antlr\antlr-runtime\3.3\antlr-runtime-3.3.jar
[DEBUG]  C:\Users\mmunisamy\.m2\repository\com\google\guava\guava\14.0.1\guava-14.0.1.jar
[DEBUG]  C:\Users\mmunisamy\.m2\repository\org\piccolo2d\piccolo2d-extras\1.3.1\piccolo2d-extras-1.3.1.jar
[DEBUG]  C:\Users\mmunisamy\.m2\repository\org\piccolo2d\piccolo2d-core\1.3.1\piccolo2d-core-1.3.1.jar
[DEBUG]  C:\Users\mmunisamy\.m2\repository\com\jgoodies\looks\2.2.2\looks-2.2.2.jar
[DEBUG]  C:\work\TestDev\RegressionTest\lib\sikuli-java-1.0.1.jar
[DEBUG]  C:\Users\mmunisamy\.m2\repository\org\testng\testng\6.3.1\testng-6.3.1.jar
[DEBUG]  C:\Users\mmunisamy\.m2\repository\org\beanshell\bsh\2.0b4\bsh-2.0b4.jar
[DEBUG]  C:\Users\mmunisamy\.m2\repository\com\beust\jcommander\1.12\jcommander-1.12.jar
[DEBUG]  C:\Users\mmunisamy\.m2\repository\org\yaml\snakeyaml\1.6\snakeyaml-1.6.jar
[DEBUG] Source roots:
[DEBUG]  C:\work\TestDev\RegressionTest\src\test\java
[DEBUG] Command line options:
[DEBUG] -d C:\work\TestDev\RegressionTest\target\test-classes -classpath C:\work\TestDev\RegressionTest\target\test-classes;C:\work\TestDev\RegressionTest\target\classes;C:\Users\mmunisamy\.m2\repository\junit\junit\3.8.1\junit-3.8.1.jar;C:\Users\mmunisamy\.m2\repository\org\sikuli\sikuli-api\1.0.2\sikuli-api-1.0.2.jar;C:\Users\mmunisamy\.m2\repository\javax\media\jmf\2.1.1e\jmf-2.1.1e.jar;C:\Users\mmunisamy\.m2\repository\org\sikuli\sikuli-core\1.1.3\sikuli-core-1.1.3.jar;C:\Users\mmunisamy\.m2\repository\org\slf4j\slf4j-api\1.6.6\slf4j-api-1.6.6.jar;C:\Users\mmunisamy\.m2\repository\com\googlecode\javacpp\javacpp\0.1\javacpp-0.1.jar;C:\Users\mmunisamy\.m2\repository\com\googlecode\javacv\javacv\0.1\javacv-0.1.jar;C:\Users\mmunisamy\.m2\repository\com\googlecode\javacv\javacv\0.1\javacv-0.1-macosx-x86_64.jar;C:\Users\mmunisamy\.m2\repository\com\googlecode\javacv\javacv\0.1\javacv-0.1-windows-x86.jar;C:\Users\mmunisamy\.m2\repository\com\googlecode\javacv\javacv\0.1\javacv-0.1-windows-x86_64.jar;C:\Users\mmunisamy\.m2\repository\com\googlecode\javacv\javacv\0.1\javacv-0.1-linux-x86_64.jar;C:\Users\mmunisamy\.m2\repository\com\googlecode\javacv\javacv\0.1\javacv-0.1-linux-x86.jar;C:\Users\mmunisamy\.m2\repository\org\antlr\stringtemplate\4.0.2\stringtemplate-4.0.2.jar;C:\Users\mmunisamy\.m2\repository\org\antlr\antlr-runtime\3.3\antlr-runtime-3.3.jar;C:\Users\mmunisamy\.m2\repository\com\google\guava\guava\14.0.1\guava-14.0.1.jar;C:\Users\mmunisamy\.m2\repository\org\piccolo2d\piccolo2d-extras\1.3.1\piccolo2d-extras-1.3.1.jar;C:\Users\mmunisamy\.m2\repository\org\piccolo2d\piccolo2d-core\1.3.1\piccolo2d-core-1.3.1.jar;C:\Users\mmunisamy\.m2\repository\com\jgoodies\looks\2.2.2\looks-2.2.2.jar;C:\work\TestDev\RegressionTest\lib\sikuli-java-1.0.1.jar;C:\Users\mmunisamy\.m2\repository\org\testng\testng\6.3.1\testng-6.3.1.jar;C:\Users\mmunisamy\.m2\repository\org\beanshell\bsh\2.0b4\bsh-2.0b4.jar;C:\Users\mmunisamy\.m2\repository\com\beust\jcommander\1.12\jcommander-1.12.jar;C:\Users\mmunisamy\.m2\repository\org\yaml\snakeyaml\1.6\snakeyaml-1.6.jar; -sourcepath C:\work\TestDev\RegressionTest\src\test\java; C:\work\TestDev\RegressionTest\src\test\java\STMathRegressionTest\TeacherConsoleMgmt.java C:\work\TestDev\RegressionTest\src\test\java\STMathRegressionTest\SikuliUtil.java C:\work\TestDev\RegressionTest\src\test\java\STMathRegressionTest\STMathTest.java -g -nowarn -target 1.5 -source 1.5 -encoding UTF-8
[INFO] Compiling 3 source files to C:\work\TestDev\RegressionTest\target\test-classes
[INFO] -------------------------------------------------------------
[ERROR] COMPILATION ERROR : 
[INFO] -------------------------------------------------------------
[ERROR] C:\work\TestDev\RegressionTest\src\test\java\STMathRegressionTest\STMathTest.java:[53,2] error: cannot find symbol
[ERROR]   symbol:   method InitializeSikuli()
  location: class STMathTest
C:\work\TestDev\RegressionTest\src\test\java\STMathRegressionTest\STMathTest.java:[59,3] error: cannot find symbol
[INFO] 2 errors 
[INFO] -------------------------------------------------------------
[INFO] ------------------------------------------------------------------------
[INFO] BUILD FAILURE
[INFO] ------------------------------------------------------------------------
[INFO] Total time: 1.751 s
[INFO] Finished at: 2014-04-10T15:31:14-08:00
[INFO] Final Memory: 13M/171M
[INFO] ------------------------------------------------------------------------
[ERROR] Failed to execute goal org.apache.maven.plugins:maven-compiler-plugin:2.5.1:testCompile (default-testCompile) on project RegressionTest: Compilation failure: Compilation failure:
[ERROR] C:\work\TestDev\RegressionTest\src\test\java\STMathRegressionTest\STMathTest.java:[53,2] error: cannot find symbol
[ERROR] symbol:   method InitializeSikuli()
[ERROR] location: class STMathTest
[ERROR] C:\work\TestDev\RegressionTest\src\test\java\STMathRegressionTest\STMathTest.java:[59,3] error: cannot find symbol
[ERROR] -> [Help 1]
org.apache.maven.lifecycle.LifecycleExecutionException: Failed to execute goal org.apache.maven.plugins:maven-compiler-plugin:2.5.1:testCompile (default-testCompile) on project RegressionTest: Compilation failure
	at org.apache.maven.lifecycle.internal.MojoExecutor.execute(MojoExecutor.java:212)
	at org.apache.maven.lifecycle.internal.MojoExecutor.execute(MojoExecutor.java:153)
	at org.apache.maven.lifecycle.internal.MojoExecutor.execute(MojoExecutor.java:145)
	at org.apache.maven.lifecycle.internal.LifecycleModuleBuilder.buildProject(LifecycleModuleBuilder.java:108)
	at org.apache.maven.lifecycle.internal.LifecycleModuleBuilder.buildProject(LifecycleModuleBuilder.java:76)
	at org.apache.maven.lifecycle.internal.builder.singlethreaded.SingleThreadedBuilder.build(SingleThreadedBuilder.java:51)
	at org.apache.maven.lifecycle.internal.LifecycleStarter.execute(LifecycleStarter.java:116)
	at org.apache.maven.DefaultMaven.doExecute(DefaultMaven.java:361)
	at org.apache.maven.DefaultMaven.execute(DefaultMaven.java:155)
	at org.apache.maven.cli.MavenCli.execute(MavenCli.java:584)
	at org.apache.maven.cli.MavenCli.doMain(MavenCli.java:213)
	at org.apache.maven.cli.MavenCli.main(MavenCli.java:157)
	at sun.reflect.NativeMethodAccessorImpl.invoke0(Native Method)
	at sun.reflect.NativeMethodAccessorImpl.invoke(NativeMethodAccessorImpl.java:57)
	at sun.reflect.DelegatingMethodAccessorImpl.invoke(DelegatingMethodAccessorImpl.java:43)
	at java.lang.reflect.Method.invoke(Method.java:606)
	at org.codehaus.plexus.classworlds.launcher.Launcher.launchEnhanced(Launcher.java:289)
	at org.codehaus.plexus.classworlds.launcher.Launcher.launch(Launcher.java:229)
	at org.codehaus.plexus.classworlds.launcher.Launcher.mainWithExitCode(Launcher.java:415)
	at org.codehaus.plexus.classworlds.launcher.Launcher.main(Launcher.java:356)
Caused by: org.apache.maven.plugin.CompilationFailureException: Compilation failure
	at org.apache.maven.plugin.AbstractCompilerMojo.execute(AbstractCompilerMojo.java:729)
	at org.apache.maven.plugin.TestCompilerMojo.execute(TestCompilerMojo.java:161)
	at org.apache.maven.plugin.DefaultBuildPluginManager.executeMojo(DefaultBuildPluginManager.java:133)
	at org.apache.maven.lifecycle.internal.MojoExecutor.execute(MojoExecutor.java:208)
	... 19 more
[ERROR] 
[ERROR] 
[ERROR] For more information about the errors and possible solutions, please read the following articles:
[ERROR] [Help 1] http://cwiki.apache.org/confluence/display/MAVEN/MojoFailureException
